
Showing logs for build [32mcb-kubecd-environment-pr-241-3-txc64-1[0m stage [32mfrom-build-pack[0m and container [32mstep-credential-initializer-r4pmk[0m
{"level":"info","ts":1592924116.949442,"logger":"fallback-logger","caller":"logging/config.go:69","msg":"Fetch GitHub commit ID from kodata failed: open /var/run/ko/refs/heads/0.8.0-ns-support: no such file or directory"}
{"level":"info","ts":1592924116.9496837,"logger":"fallback-logger","caller":"creds-init/main.go:40","msg":"Credentials initialized."}

Showing logs for build [32mcb-kubecd-environment-pr-241-3-txc64-1[0m stage [32mfrom-build-pack[0m and container [32mstep-working-dir-initializer-zxljv[0m
{"level":"info","ts":1592924117.9129605,"logger":"fallback-logger","caller":"logging/config.go:69","msg":"Fetch GitHub commit ID from kodata failed: open /var/run/ko/HEAD: no such file or directory"}
{"level":"info","ts":1592924117.9143078,"logger":"fallback-logger","caller":"bash/main.go:64","msg":"Successfully executed command \"sh -c mkdir -p /workspace/source\"; output "}

Showing logs for build [32mcb-kubecd-environment-pr-241-3-txc64-1[0m stage [32mfrom-build-pack[0m and container [32mstep-place-tools[0m

Showing logs for build [32mcb-kubecd-environment-pr-241-3-txc64-1[0m stage [32mfrom-build-pack[0m and container [32mstep-git-source-cb-kubecd-environment-pr-241-3-txc64-2b247[0m
{"level":"info","ts":1592924123.3163576,"logger":"fallback-logger","caller":"logging/config.go:69","msg":"Fetch GitHub commit ID from kodata failed: open /var/run/ko/refs/heads/0.8.0-ns-support: no such file or directory"}
{"level":"info","ts":1592924123.5385053,"logger":"fallback-logger","caller":"git/git.go:103","msg":"Successfully cloned https://github.com/cb-kubecd/environment-pr-241-3-boot-eks-staging.git @ master in path /workspace/source"}

Showing logs for build [32mcb-kubecd-environment-pr-241-3-txc64-1[0m stage [32mfrom-build-pack[0m and container [32mstep-git-merge[0m
Using SHAs from PULL_REFS=master:fc9538269c7d7bc5e8bafae2626fc8022149fe8c,1:8cce90c61d2e6525ed71ed1a2861a3c8b2b253e9
DEBUG: LC_ALL=C JX_LOG_LEVEL=error git fetch origin --unshallow 8cce90c61d2e6525ed71ed1a2861a3c8b2b253e9: fc9538269c7d7bc5e8bafae2626fc8022149fe8c:
DEBUG: ran git fetch --unshallow origin 8cce90c61d2e6525ed71ed1a2861a3c8b2b253e9: fc9538269c7d7bc5e8bafae2626fc8022149fe8c: in 
DEBUG: LC_ALL=C JX_LOG_LEVEL=error git branch
DEBUG: LC_ALL=C JX_LOG_LEVEL=error git checkout master
DEBUG: ran git checkout master in 
DEBUG: LC_ALL=C JX_LOG_LEVEL=error git reset --hard fc9538269c7d7bc5e8bafae2626fc8022149fe8c
DEBUG: ran git reset --hard fc9538269c7d7bc5e8bafae2626fc8022149fe8c in 
DEBUG: LC_ALL=C JX_LOG_LEVEL=error git clean -fd .
DEBUG: ran clean --force -d . in 
DEBUG: LC_ALL=C JX_LOG_LEVEL=error git merge 8cce90c61d2e6525ed71ed1a2861a3c8b2b253e9
DEBUG: ran git merge 8cce90c61d2e6525ed71ed1a2861a3c8b2b253e9 in 
DEBUG: LC_ALL=C JX_LOG_LEVEL=error git log --format=%H%x1f%an%x1f%ae%x1f%cn%x1f%ce%x1f%s%n%b%x1e fc9538269c7d7bc5e8bafae2626fc8022149fe8c..HEAD
Merged SHA 8cce90c61d2e6525ed71ed1a2861a3c8b2b253e9 with commit message 'chore: Promote bdd-spring-1592923474 to version 0.0.1' into base branch master

Showing logs for build [32mcb-kubecd-environment-pr-241-3-txc64-1[0m stage [32mfrom-build-pack[0m and container [32mstep-build-helm-build[0m
WARNING: No $CHART_REPOSITORY defined so using the default value of: http://jenkins-x-chartmuseum:8080
Adding missing Helm repo: storage.googleapis.com https://storage.googleapis.com/chartmuseum.jenkins-x.io
WARNING: No secrets found on "helm/repos" due: reading the secret "helm/repos" from vault: no secret "helm/repos" not found in vault
Read credentials for https://storage.googleapis.com/chartmuseum.jenkins-x.io from vault helm/repos
Successfully added Helm repository storage.googleapis.com.
Adding missing Helm repo: jenkins-x-chartmuseum http://jenkins-x-chartmuseum:8080
WARNING: No secrets found on "helm/repos" due: reading the secret "helm/repos" from vault: no secret "helm/repos" not found in vault
Read credentials for http://jenkins-x-chartmuseum:8080 from vault helm/repos
Successfully added Helm repository jenkins-x-chartmuseum.
WARNING: No $CHART_REPOSITORY defined so using the default value of: http://jenkins-x-chartmuseum:8080
Adding missing Helm repo: chartmuseum.jenkins-x.io http://chartmuseum.jenkins-x.io
WARNING: No secrets found on "helm/repos" due: reading the secret "helm/repos" from vault: no secret "helm/repos" not found in vault
Read credentials for http://chartmuseum.jenkins-x.io from vault helm/repos
Successfully added Helm repository chartmuseum.jenkins-x.io.
