
Showing logs for build [32mcb-kubecd-environment-pr-241-3-n8z8z-1[0m stage [32mfrom-build-pack[0m and container [32mstep-credential-initializer-4jlm7[0m
{"level":"info","ts":1592932024.3721712,"logger":"fallback-logger","caller":"logging/config.go:69","msg":"Fetch GitHub commit ID from kodata failed: open /var/run/ko/refs/heads/0.8.0-ns-support: no such file or directory"}
{"level":"info","ts":1592932024.3725424,"logger":"fallback-logger","caller":"creds-init/main.go:40","msg":"Credentials initialized."}

Showing logs for build [32mcb-kubecd-environment-pr-241-3-n8z8z-1[0m stage [32mfrom-build-pack[0m and container [32mstep-working-dir-initializer-rb4bj[0m
{"level":"info","ts":1592932025.3646092,"logger":"fallback-logger","caller":"logging/config.go:69","msg":"Fetch GitHub commit ID from kodata failed: open /var/run/ko/HEAD: no such file or directory"}
{"level":"info","ts":1592932025.365405,"logger":"fallback-logger","caller":"bash/main.go:64","msg":"Successfully executed command \"sh -c mkdir -p /workspace/source\"; output "}

Showing logs for build [32mcb-kubecd-environment-pr-241-3-n8z8z-1[0m stage [32mfrom-build-pack[0m and container [32mstep-place-tools[0m

Showing logs for build [32mcb-kubecd-environment-pr-241-3-n8z8z-1[0m stage [32mfrom-build-pack[0m and container [32mstep-git-source-cb-kubecd-environment-pr-241-3-n8z8z-b7tbl[0m
{"level":"info","ts":1592932029.4576075,"logger":"fallback-logger","caller":"logging/config.go:69","msg":"Fetch GitHub commit ID from kodata failed: open /var/run/ko/refs/heads/0.8.0-ns-support: no such file or directory"}
{"level":"info","ts":1592932029.754599,"logger":"fallback-logger","caller":"git/git.go:103","msg":"Successfully cloned https://github.com/cb-kubecd/environment-pr-241-3-boot-eks-staging.git @ master in path /workspace/source"}

Showing logs for build [32mcb-kubecd-environment-pr-241-3-n8z8z-1[0m stage [32mfrom-build-pack[0m and container [32mstep-git-merge[0m
Using SHAs from PULL_REFS=master:a203b64f1543662f6b2bd50ea848a60ea75a8887,4:704813b89a0806721dc7e9ea3f08e8f9f9b4eb99
DEBUG: LC_ALL=C JX_LOG_LEVEL=error git fetch origin --unshallow 704813b89a0806721dc7e9ea3f08e8f9f9b4eb99: a203b64f1543662f6b2bd50ea848a60ea75a8887:
DEBUG: ran git fetch --unshallow origin 704813b89a0806721dc7e9ea3f08e8f9f9b4eb99: a203b64f1543662f6b2bd50ea848a60ea75a8887: in 
DEBUG: LC_ALL=C JX_LOG_LEVEL=error git branch
DEBUG: LC_ALL=C JX_LOG_LEVEL=error git checkout master
DEBUG: ran git checkout master in 
DEBUG: LC_ALL=C JX_LOG_LEVEL=error git reset --hard a203b64f1543662f6b2bd50ea848a60ea75a8887
DEBUG: ran git reset --hard a203b64f1543662f6b2bd50ea848a60ea75a8887 in 
DEBUG: LC_ALL=C JX_LOG_LEVEL=error git clean -fd .
DEBUG: ran clean --force -d . in 
DEBUG: LC_ALL=C JX_LOG_LEVEL=error git merge 704813b89a0806721dc7e9ea3f08e8f9f9b4eb99
DEBUG: ran git merge 704813b89a0806721dc7e9ea3f08e8f9f9b4eb99 in 
DEBUG: LC_ALL=C JX_LOG_LEVEL=error git log --format=%H%x1f%an%x1f%ae%x1f%cn%x1f%ce%x1f%s%n%b%x1e a203b64f1543662f6b2bd50ea848a60ea75a8887..HEAD
Merged SHA 704813b89a0806721dc7e9ea3f08e8f9f9b4eb99 with commit message 'chore: Promote bdd-sbhg-1592925378 to version 0.0.1' into base branch master

Showing logs for build [32mcb-kubecd-environment-pr-241-3-n8z8z-1[0m stage [32mfrom-build-pack[0m and container [32mstep-build-helm-build[0m
WARNING: No $CHART_REPOSITORY defined so using the default value of: http://jenkins-x-chartmuseum:8080
Adding missing Helm repo: storage.googleapis.com https://storage.googleapis.com/chartmuseum.jenkins-x.io
WARNING: No secrets found on "helm/repos" due: reading the secret "helm/repos" from vault: no secret "helm/repos" not found in vault
Read credentials for https://storage.googleapis.com/chartmuseum.jenkins-x.io from vault helm/repos
Successfully added Helm repository storage.googleapis.com.
Adding missing Helm repo: jenkins-x-chartmuseum http://jenkins-x-chartmuseum:8080
WARNING: No secrets found on "helm/repos" due: reading the secret "helm/repos" from vault: no secret "helm/repos" not found in vault
Read credentials for http://jenkins-x-chartmuseum:8080 from vault helm/repos
Successfully added Helm repository jenkins-x-chartmuseum.
WARNING: No $CHART_REPOSITORY defined so using the default value of: http://jenkins-x-chartmuseum:8080
Adding missing Helm repo: chartmuseum.jenkins-x.io http://chartmuseum.jenkins-x.io
WARNING: No secrets found on "helm/repos" due: reading the secret "helm/repos" from vault: no secret "helm/repos" not found in vault
Read credentials for http://chartmuseum.jenkins-x.io from vault helm/repos
Successfully added Helm repository chartmuseum.jenkins-x.io.
